<?xml version="1.0" encoding="UTF-8"?>
<testsuite xmlns:xsi="http://www.w3.org/2001/XMLSchema-instance" xsi:noNamespaceSchemaLocation="https://maven.apache.org/surefire/maven-surefire-plugin/xsd/surefire-test-report-3.0.xsd" version="3.0" name="TestSuite" time="25.564" tests="2" errors="0" skipped="0" failures="0">
  <properties>
    <property name="sun.desktop" value="windows"/>
    <property name="awt.toolkit" value="sun.awt.windows.WToolkit"/>
    <property name="file.encoding.pkg" value="sun.io"/>
    <property name="java.specification.version" value="1.8"/>
    <property name="webdriver.chrome.driver" value="B:\Java\GIT_Himanshu\AmazonE2E\src\main\java\Resources\chromedriver.exe"/>
    <property name="sun.cpu.isalist" value="amd64"/>
    <property name="sun.jnu.encoding" value="Cp1252"/>
    <property name="java.class.path" value="B:\Java\GIT_Himanshu\AmazonE2E\target\test-classes;B:\Java\GIT_Himanshu\AmazonE2E\target\classes;C:\Users\IT\.m2\repository\org\seleniumhq\selenium\selenium-java\3.141.59\selenium-java-3.141.59.jar;C:\Users\IT\.m2\repository\org\seleniumhq\selenium\selenium-api\3.141.59\selenium-api-3.141.59.jar;C:\Users\IT\.m2\repository\org\seleniumhq\selenium\selenium-chrome-driver\3.141.59\selenium-chrome-driver-3.141.59.jar;C:\Users\IT\.m2\repository\org\seleniumhq\selenium\selenium-edge-driver\3.141.59\selenium-edge-driver-3.141.59.jar;C:\Users\IT\.m2\repository\org\seleniumhq\selenium\selenium-firefox-driver\3.141.59\selenium-firefox-driver-3.141.59.jar;C:\Users\IT\.m2\repository\org\seleniumhq\selenium\selenium-ie-driver\3.141.59\selenium-ie-driver-3.141.59.jar;C:\Users\IT\.m2\repository\org\seleniumhq\selenium\selenium-opera-driver\3.141.59\selenium-opera-driver-3.141.59.jar;C:\Users\IT\.m2\repository\org\seleniumhq\selenium\selenium-remote-driver\3.141.59\selenium-remote-driver-3.141.59.jar;C:\Users\IT\.m2\repository\org\seleniumhq\selenium\selenium-safari-driver\3.141.59\selenium-safari-driver-3.141.59.jar;C:\Users\IT\.m2\repository\org\seleniumhq\selenium\selenium-support\3.141.59\selenium-support-3.141.59.jar;C:\Users\IT\.m2\repository\net\bytebuddy\byte-buddy\1.8.15\byte-buddy-1.8.15.jar;C:\Users\IT\.m2\repository\org\apache\commons\commons-exec\1.3\commons-exec-1.3.jar;C:\Users\IT\.m2\repository\com\google\guava\guava\25.0-jre\guava-25.0-jre.jar;C:\Users\IT\.m2\repository\com\google\code\findbugs\jsr305\1.3.9\jsr305-1.3.9.jar;C:\Users\IT\.m2\repository\org\checkerframework\checker-compat-qual\2.0.0\checker-compat-qual-2.0.0.jar;C:\Users\IT\.m2\repository\com\google\errorprone\error_prone_annotations\2.1.3\error_prone_annotations-2.1.3.jar;C:\Users\IT\.m2\repository\com\google\j2objc\j2objc-annotations\1.1\j2objc-annotations-1.1.jar;C:\Users\IT\.m2\repository\org\codehaus\mojo\animal-sniffer-annotations\1.14\animal-sniffer-annotations-1.14.jar;C:\Users\IT\.m2\repository\com\squareup\okhttp3\okhttp\3.11.0\okhttp-3.11.0.jar;C:\Users\IT\.m2\repository\com\squareup\okio\okio\1.14.0\okio-1.14.0.jar;C:\Users\IT\.m2\repository\org\testng\testng\6.9.8\testng-6.9.8.jar;C:\Users\IT\.m2\repository\org\beanshell\bsh\2.0b4\bsh-2.0b4.jar;C:\Users\IT\.m2\repository\com\beust\jcommander\1.48\jcommander-1.48.jar;C:\Users\IT\.m2\repository\com\aventstack\extentreports\4.1.3\extentreports-4.1.3.jar;C:\Users\IT\.m2\repository\org\freemarker\freemarker\2.3.29\freemarker-2.3.29.jar;C:\Users\IT\.m2\repository\org\apache\httpcomponents\httpclient\4.5.2\httpclient-4.5.2.jar;C:\Users\IT\.m2\repository\org\apache\httpcomponents\httpcore\4.4.4\httpcore-4.4.4.jar;C:\Users\IT\.m2\repository\commons-logging\commons-logging\1.2\commons-logging-1.2.jar;C:\Users\IT\.m2\repository\commons-codec\commons-codec\1.9\commons-codec-1.9.jar;C:\Users\IT\.m2\repository\org\apache\httpcomponents\httpmime\4.5.2\httpmime-4.5.2.jar;C:\Users\IT\.m2\repository\com\google\code\gson\gson\2.8.6\gson-2.8.6.jar;C:\Users\IT\.m2\repository\org\mongodb\mongodb-driver\3.12.0\mongodb-driver-3.12.0.jar;C:\Users\IT\.m2\repository\org\mongodb\mongodb-driver-core\3.12.0\mongodb-driver-core-3.12.0.jar;C:\Users\IT\.m2\repository\org\mongodb\bson\3.12.0\bson-3.12.0.jar;C:\Users\IT\.m2\repository\commons-io\commons-io\2.4\commons-io-2.4.jar;"/>
    <property name="java.vm.vendor" value="Oracle Corporation"/>
    <property name="sun.arch.data.model" value="64"/>
    <property name="user.variant" value=""/>
    <property name="java.vendor.url" value="http://java.oracle.com/"/>
    <property name="user.timezone" value="Asia/Calcutta"/>
    <property name="java.vm.specification.version" value="1.8"/>
    <property name="os.name" value="Windows 10"/>
    <property name="user.country" value="IN"/>
    <property name="sun.java.launcher" value="SUN_STANDARD"/>
    <property name="sun.boot.library.path" value="C:\Program Files\Java\jdk1.8.0_261\jre\bin"/>
    <property name="sun.java.command" value="C:\Users\IT\AppData\Local\Temp\surefire5810983974964263739\surefirebooter1361838412412207916.jar C:\Users\IT\AppData\Local\Temp\surefire5810983974964263739 2021-06-04T06-26-09_068-jvmRun1 surefire4430427079699807644tmp surefire_01751745223772819365tmp"/>
    <property name="surefire.test.class.path" value="B:\Java\GIT_Himanshu\AmazonE2E\target\test-classes;B:\Java\GIT_Himanshu\AmazonE2E\target\classes;C:\Users\IT\.m2\repository\org\seleniumhq\selenium\selenium-java\3.141.59\selenium-java-3.141.59.jar;C:\Users\IT\.m2\repository\org\seleniumhq\selenium\selenium-api\3.141.59\selenium-api-3.141.59.jar;C:\Users\IT\.m2\repository\org\seleniumhq\selenium\selenium-chrome-driver\3.141.59\selenium-chrome-driver-3.141.59.jar;C:\Users\IT\.m2\repository\org\seleniumhq\selenium\selenium-edge-driver\3.141.59\selenium-edge-driver-3.141.59.jar;C:\Users\IT\.m2\repository\org\seleniumhq\selenium\selenium-firefox-driver\3.141.59\selenium-firefox-driver-3.141.59.jar;C:\Users\IT\.m2\repository\org\seleniumhq\selenium\selenium-ie-driver\3.141.59\selenium-ie-driver-3.141.59.jar;C:\Users\IT\.m2\repository\org\seleniumhq\selenium\selenium-opera-driver\3.141.59\selenium-opera-driver-3.141.59.jar;C:\Users\IT\.m2\repository\org\seleniumhq\selenium\selenium-remote-driver\3.141.59\selenium-remote-driver-3.141.59.jar;C:\Users\IT\.m2\repository\org\seleniumhq\selenium\selenium-safari-driver\3.141.59\selenium-safari-driver-3.141.59.jar;C:\Users\IT\.m2\repository\org\seleniumhq\selenium\selenium-support\3.141.59\selenium-support-3.141.59.jar;C:\Users\IT\.m2\repository\net\bytebuddy\byte-buddy\1.8.15\byte-buddy-1.8.15.jar;C:\Users\IT\.m2\repository\org\apache\commons\commons-exec\1.3\commons-exec-1.3.jar;C:\Users\IT\.m2\repository\com\google\guava\guava\25.0-jre\guava-25.0-jre.jar;C:\Users\IT\.m2\repository\com\google\code\findbugs\jsr305\1.3.9\jsr305-1.3.9.jar;C:\Users\IT\.m2\repository\org\checkerframework\checker-compat-qual\2.0.0\checker-compat-qual-2.0.0.jar;C:\Users\IT\.m2\repository\com\google\errorprone\error_prone_annotations\2.1.3\error_prone_annotations-2.1.3.jar;C:\Users\IT\.m2\repository\com\google\j2objc\j2objc-annotations\1.1\j2objc-annotations-1.1.jar;C:\Users\IT\.m2\repository\org\codehaus\mojo\animal-sniffer-annotations\1.14\animal-sniffer-annotations-1.14.jar;C:\Users\IT\.m2\repository\com\squareup\okhttp3\okhttp\3.11.0\okhttp-3.11.0.jar;C:\Users\IT\.m2\repository\com\squareup\okio\okio\1.14.0\okio-1.14.0.jar;C:\Users\IT\.m2\repository\org\testng\testng\6.9.8\testng-6.9.8.jar;C:\Users\IT\.m2\repository\org\beanshell\bsh\2.0b4\bsh-2.0b4.jar;C:\Users\IT\.m2\repository\com\beust\jcommander\1.48\jcommander-1.48.jar;C:\Users\IT\.m2\repository\com\aventstack\extentreports\4.1.3\extentreports-4.1.3.jar;C:\Users\IT\.m2\repository\org\freemarker\freemarker\2.3.29\freemarker-2.3.29.jar;C:\Users\IT\.m2\repository\org\apache\httpcomponents\httpclient\4.5.2\httpclient-4.5.2.jar;C:\Users\IT\.m2\repository\org\apache\httpcomponents\httpcore\4.4.4\httpcore-4.4.4.jar;C:\Users\IT\.m2\repository\commons-logging\commons-logging\1.2\commons-logging-1.2.jar;C:\Users\IT\.m2\repository\commons-codec\commons-codec\1.9\commons-codec-1.9.jar;C:\Users\IT\.m2\repository\org\apache\httpcomponents\httpmime\4.5.2\httpmime-4.5.2.jar;C:\Users\IT\.m2\repository\com\google\code\gson\gson\2.8.6\gson-2.8.6.jar;C:\Users\IT\.m2\repository\org\mongodb\mongodb-driver\3.12.0\mongodb-driver-3.12.0.jar;C:\Users\IT\.m2\repository\org\mongodb\mongodb-driver-core\3.12.0\mongodb-driver-core-3.12.0.jar;C:\Users\IT\.m2\repository\org\mongodb\bson\3.12.0\bson-3.12.0.jar;C:\Users\IT\.m2\repository\commons-io\commons-io\2.4\commons-io-2.4.jar;"/>
    <property name="sun.cpu.endian" value="little"/>
    <property name="user.home" value="C:\Users\IT"/>
    <property name="user.language" value="en"/>
    <property name="java.specification.vendor" value="Oracle Corporation"/>
    <property name="java.home" value="C:\Program Files\Java\jdk1.8.0_261\jre"/>
    <property name="basedir" value="B:\Java\GIT_Himanshu\AmazonE2E"/>
    <property name="file.separator" value="\"/>
    <property name="line.separator" value="&#10;"/>
    <property name="java.vm.specification.vendor" value="Oracle Corporation"/>
    <property name="java.specification.name" value="Java Platform API Specification"/>
    <property name="java.awt.graphicsenv" value="sun.awt.Win32GraphicsEnvironment"/>
    <property name="surefire.real.class.path" value="C:\Users\IT\AppData\Local\Temp\surefire5810983974964263739\surefirebooter1361838412412207916.jar"/>
    <property name="sun.boot.class.path" value="C:\Program Files\Java\jdk1.8.0_261\jre\lib\resources.jar;C:\Program Files\Java\jdk1.8.0_261\jre\lib\rt.jar;C:\Program Files\Java\jdk1.8.0_261\jre\lib\sunrsasign.jar;C:\Program Files\Java\jdk1.8.0_261\jre\lib\jsse.jar;C:\Program Files\Java\jdk1.8.0_261\jre\lib\jce.jar;C:\Program Files\Java\jdk1.8.0_261\jre\lib\charsets.jar;C:\Program Files\Java\jdk1.8.0_261\jre\lib\jfr.jar;C:\Program Files\Java\jdk1.8.0_261\jre\classes"/>
    <property name="user.script" value=""/>
    <property name="sun.management.compiler" value="HotSpot 64-Bit Tiered Compilers"/>
    <property name="java.runtime.version" value="1.8.0_261-b12"/>
    <property name="user.name" value="IT"/>
    <property name="path.separator" value=";"/>
    <property name="os.version" value="10.0"/>
    <property name="java.endorsed.dirs" value="C:\Program Files\Java\jdk1.8.0_261\jre\lib\endorsed"/>
    <property name="java.runtime.name" value="Java(TM) SE Runtime Environment"/>
    <property name="file.encoding" value="Cp1252"/>
    <property name="java.vm.name" value="Java HotSpot(TM) 64-Bit Server VM"/>
    <property name="localRepository" value="C:\Users\IT\.m2\repository"/>
    <property name="java.vendor.url.bug" value="http://bugreport.sun.com/bugreport/"/>
    <property name="java.io.tmpdir" value="C:\Users\IT\AppData\Local\Temp\"/>
    <property name="java.version" value="1.8.0_261"/>
    <property name="user.dir" value="B:\Java\GIT_Himanshu\AmazonE2E"/>
    <property name="os.arch" value="amd64"/>
    <property name="java.vm.specification.name" value="Java Virtual Machine Specification"/>
    <property name="java.awt.printerjob" value="sun.awt.windows.WPrinterJob"/>
    <property name="sun.os.patch.level" value=""/>
    <property name="java.library.path" value="C:\Program Files\Java\jdk1.8.0_261\jre\bin;C:\WINDOWS\Sun\Java\bin;C:\WINDOWS\system32;C:\WINDOWS;C:\Program Files (x86)\Common Files\Oracle\Java\javapath;C:\Program Files\Java\jdk1.8.0_261\bin;C:\Program Files\apache-maven-3.8.1-bin\apache-maven-3.8.1\bin;C:\Program Files (x86)\Intel\iCLS Client\;C:\Program Files\Intel\iCLS Client\;C:\WINDOWS\system32;C:\WINDOWS;C:\WINDOWS\System32\Wbem;C:\WINDOWS\System32\WindowsPowerShell\v1.0\;C:\Program Files (x86)\Intel\Intel(R) Management Engine Components\DAL;C:\Program Files\Intel\Intel(R) Management Engine Components\DAL;C:\Program Files (x86)\Intel\Intel(R) Management Engine Components\IPT;C:\Program Files\Intel\Intel(R) Management Engine Components\IPT;C:\WINDOWS\System32\OpenSSH\;C:\Program Files\PuTTY\;C:\Program Files\Git\cmd;C:\Program Files\MySQL\MySQL Shell 8.0\bin\;C:\Users\IT\AppData\Local\Microsoft\WindowsApps;;."/>
    <property name="java.vm.info" value="mixed mode"/>
    <property name="java.vendor" value="Oracle Corporation"/>
    <property name="java.vm.version" value="25.261-b12"/>
    <property name="java.ext.dirs" value="C:\Program Files\Java\jdk1.8.0_261\jre\lib\ext;C:\WINDOWS\Sun\Java\lib\ext"/>
    <property name="sun.io.unicode.encoding" value="UnicodeLittle"/>
    <property name="java.class.version" value="52.0"/>
  </properties>
  <testcase name="itemsrch" classname="testCases.TC_HomePage" time="5.889">
    <system-out><![CDATA[Amazon.com : Redmi
]]></system-out>
    <system-err><![CDATA[Starting ChromeDriver 90.0.4430.24 (4c6d850f087da467d926e8eddb76550aed655991-refs/branch-heads/4430@{#429}) on port 3588
Only local connections are allowed.
Please see https://chromedriver.chromium.org/security-considerations for suggestions on keeping ChromeDriver safe.
ChromeDriver was started successfully.
Jun 04, 2021 6:26:22 AM org.openqa.selenium.remote.ProtocolHandshake createSession
INFO: Detected dialect: W3C
]]></system-err>
  </testcase>
  <testcase name="mobilelst" classname="testCases.TC_HomePage" time="1.599">
    <system-out><![CDATA[Xiaomi Redmi Note 10 | 128GB 4GB RAM | GSM LTE Factory Unlocked Smartphone | International Model (Onyx Gray)
********************************
&&&&&&&&&&&&&&&&&&&&&&&&&&&&&&&&
Xiaomi Redmi Note 10 | 64GB 4GB RAM | Factory Unlocked (GSM ONLY | Not Compatible with Verizon/Sprint) | International Model (Lake Green)
********************************
&&&&&&&&&&&&&&&&&&&&&&&&&&&&&&&&
Xiaomi Redmi 9 Unlocked RAM Dual Sim 32GB 3GB RAM 6.53" International Global Version (Carbon Grey)
********************************
&&&&&&&&&&&&&&&&&&&&&&&&&&&&&&&&
Xiaomi Redmi 9 EU 64Gb ROM 4Gb Ram Sunset Purple
********************************
&&&&&&&&&&&&&&&&&&&&&&&&&&&&&&&&
Xiaomi Redmi 9C Smartphone, 3 GB + 64 GB, 6.53 "HD + Dot Drop Display 5000mAh (typ), con Sblocco Faccial AI, 13 MP, Tripla Fotocamera, Blu (Twilight Blue)
********************************
&&&&&&&&&&&&&&&&&&&&&&&&&&&&&&&&
Xiaomi Redmi Note 10 | 128GB 4GB RAM | GSM LTE Factory Unlocked Smartphone | International Model (Pebble White)
********************************
&&&&&&&&&&&&&&&&&&&&&&&&&&&&&&&&
Xiaomi Redmi 9A - Smartphone 2 GB + 32 GB, Dual Sim, Blu (Sky Blue)
********************************
&&&&&&&&&&&&&&&&&&&&&&&&&&&&&&&&
Xiaomi Redmi Note 9 Pro 128GB + 6GB RAM, 6.67" FHD+ DotDisplay, 64MP AI Quad Camera, Qualcomm Snapdragon 720G LTE Factory Unlocked Smartphone - International Version (Tropical Green)
********************************
&&&&&&&&&&&&&&&&&&&&&&&&&&&&&&&&
Xiaomi Redmi 9 64GB, 4GB RAM, 6.53" Full HD + AI Quad Camera, LTE Factory Unlocked Smartphone - International Version (Carbon Grey)
********************************
&&&&&&&&&&&&&&&&&&&&&&&&&&&&&&&&
Xiaomi Redmi Note 9 4GB RAM + 128GB, 48MP Quad Camera Hotshot, 5020mah Battery, 6.53 ”FHD +, LTE Factory Unlocked Smartphone - International Version (Polar White)
********************************
&&&&&&&&&&&&&&&&&&&&&&&&&&&&&&&&
Xiaomi Redmi 9C Smartphone, 2 GB + 32 GB, 6.53" HD+ Dot Drop Display 5000mAh (typ), 13 MP, con AI Face Unlock, Tripla Fotocamera, Arancione (Sunrise Orange)
********************************
&&&&&&&&&&&&&&&&&&&&&&&&&&&&&&&&
Xiaomi Redmi Note 9 Pro Smartphone - 6.67" DotDisplay, 6 GB + 64 GB, 64 MP AI Quad Camera, 5020mAh (typ) NFC, Bianco (Polar White)
********************************
&&&&&&&&&&&&&&&&&&&&&&&&&&&&&&&&
Xiaomi REDMI Note 9 Dual 128GB Interstellar Grey (M2003J15SS)
********************************
&&&&&&&&&&&&&&&&&&&&&&&&&&&&&&&&
Xiaomi Redmi Note 9 Smartphone - 3 GB + 64 GB, 48 MP Quad Camera Hotshot, 6.53 ”FHD + DotDisplay, 5020 mAh, 3.5mm Cuffie Jack, NFC, Grigio (Midnight Grey)
********************************
&&&&&&&&&&&&&&&&&&&&&&&&&&&&&&&&
Xiaomi Redmi Note 9 DualSim 6.53" 48MP International Global Version (Polar White, 3GB/64GB)
********************************
&&&&&&&&&&&&&&&&&&&&&&&&&&&&&&&&
Xiaomi Redmi Note 9S 6.67" 48MP International Global Version (Glacier White, 6GB/128GB)
********************************
&&&&&&&&&&&&&&&&&&&&&&&&&&&&&&&&
]]></system-out>
  </testcase>
</testsuite>