<?xml version="1.0" encoding="UTF-8"?>
<!-- Generated by org.testng.reporters.JUnitReportReporter -->
<testsuite hostname="HIMANSHU" name="testCases.TC_HomePage" tests="2" failures="0" timestamp="3 Jun 2021 13:10:46 GMT" time="8.478" errors="0">
  <testcase name="mobilelst" time="2.247" classname="testCases.TC_HomePage"/>
  <testcase name="itemsrch" time="6.231" classname="testCases.TC_HomePage"/>
</testsuite> <!-- testCases.TC_HomePage -->
