<?xml version="1.0" encoding="UTF-8"?>
<!-- Generated by org.testng.reporters.JUnitReportReporter -->
<testsuite hostname="HIMANSHU" failures="0" tests="2" name="testCases.TC_HomePage" time="8.630" errors="0" timestamp="3 Jun 2021 17:41:19 GMT">
  <testcase classname="testCases.TC_HomePage" name="itemsrch" time="6.649"/>
  <testcase classname="testCases.TC_HomePage" name="mobilelst" time="1.981"/>
</testsuite> <!-- testCases.TC_HomePage -->
