<?xml version="1.0" encoding="UTF-8"?>
<!-- Generated by org.testng.reporters.JUnitReportReporter -->
<testsuite hostname="HIMANSHU" failures="0" tests="2" name="testCases.TC_HomePage" time="6.947" errors="0" timestamp="3 Jun 2021 14:14:03 GMT">
  <testcase classname="testCases.TC_HomePage" name="itemsrch" time="5.758"/>
  <testcase classname="testCases.TC_HomePage" name="mobilelst" time="1.189"/>
</testsuite> <!-- testCases.TC_HomePage -->
