<?xml version="1.0" encoding="UTF-8"?>
<!-- Generated by org.testng.reporters.JUnitReportReporter -->
<testsuite hostname="HIMANSHU" name="testCases.TC_HomePage" tests="2" failures="0" timestamp="30 May 2021 11:18:11 GMT" time="7.962" errors="0">
  <testcase name="itemsrch" time="7.920" classname="testCases.TC_HomePage"/>
  <testcase name="mobilelst" time="0.042" classname="testCases.TC_HomePage"/>
</testsuite> <!-- testCases.TC_HomePage -->
