<?xml version="1.0" encoding="UTF-8"?>
<!-- Generated by org.testng.reporters.JUnitReportReporter -->
<testsuite hostname="HIMANSHU" name="testCases.TC_HomePage" tests="2" failures="0" timestamp="4 Jun 2021 00:56:37 GMT" time="7.278" errors="0">
  <testcase name="itemsrch" time="5.948" classname="testCases.TC_HomePage"/>
  <testcase name="mobilelst" time="1.330" classname="testCases.TC_HomePage"/>
</testsuite> <!-- testCases.TC_HomePage -->
